{
  "RSpec": {
    "coverage": {
      "/home/leef/workspace/samah/carriage_task/config/environment.rb": [
        null,
        1,
        null,
        null,
        1
      ],
      "/home/leef/workspace/samah/carriage_task/config/application.rb": [
        1,
        null,
        1,
        null,
        1,
        1,
        1,
        1,
        1,
        1,
        1,
        null,
        1,
        null,
        null,
        null,
        1,
        null,
        1,
        1,
        null,
        null,
        null,
        null,
        null,
        null,
        null,
        1,
        null,
        null
      ],
      "/home/leef/workspace/samah/carriage_task/config/boot.rb": [
        1,
        null,
        1
      ],
      "/home/leef/workspace/samah/carriage_task/config/environments/test.rb": [
        1,
        null,
        null,
        null,
        null,
        null,
        null,
        1,
        null,
        null,
        null,
        null,
        1,
        null,
        null,
        1,
        1,
        null,
        null,
        null,
        null,
        1,
        1,
        null,
        null,
        1,
        null,
        null,
        1,
        1,
        null,
        null,
        null,
        null,
        1,
        null,
        null,
        1,
        null,
        null,
        null,
        null
      ],
      "/home/leef/workspace/samah/carriage_task/config/initializers/application_controller_renderer.rb": [
        null,
        null,
        null,
        null,
        null,
        null,
        null,
        null
      ],
      "/home/leef/workspace/samah/carriage_task/config/initializers/backtrace_silencers.rb": [
        null,
        null,
        null,
        null,
        null,
        null,
        null
      ],
      "/home/leef/workspace/samah/carriage_task/config/initializers/cors.rb": [
        null,
        null,
        null,
        null,
        null,
        null,
        null,
        null,
        null,
        null,
        null,
        null,
        null,
        null,
        null,
        null
      ],
      "/home/leef/workspace/samah/carriage_task/config/initializers/filter_parameter_logging.rb": [
        null,
        null,
        null,
        1
      ],
      "/home/leef/workspace/samah/carriage_task/config/initializers/inflections.rb": [
        null,
        null,
        null,
        null,
        null,
        null,
        null,
        null,
        null,
        null,
        null,
        null,
        null,
        null,
        null,
        null
      ],
      "/home/leef/workspace/samah/carriage_task/config/initializers/mime_types.rb": [
        null,
        null,
        null,
        null
      ],
      "/home/leef/workspace/samah/carriage_task/config/initializers/new_framework_defaults.rb": [
        null,
        null,
        null,
        null,
        null,
        null,
        1,
        null,
        null,
        null,
        1,
        null,
        null,
        1,
        null,
        null,
        1,
        null,
        null,
        1
      ],
      "/home/leef/workspace/samah/carriage_task/config/initializers/wrap_parameters.rb": [
        null,
        null,
        null,
        null,
        null,
        null,
        1,
        2,
        null,
        null,
        null,
        null,
        null,
        null
      ],
      "/home/leef/workspace/samah/carriage_task/config/routes.rb": [
        1,
        null,
        null,
        1,
        1,
        null,
        null
      ],
      "/home/leef/workspace/samah/carriage_task/app/controllers/cards_controller.rb": [
        1,
        1,
        1,
        null,
        1,
        4,
        null,
        null,
        1,
        3,
        null,
        null,
        1,
        3,
        null,
        null,
        1,
        6,
        null,
        null,
        1,
        5,
        null,
        null,
        1,
        1,
        17,
        null,
        null
      ],
      "/home/leef/workspace/samah/carriage_task/app/controllers/application_controller.rb": [
        1,
        null,
        1,
        6,
        null,
        null,
        1,
        61,
        null,
        null,
        1,
        67,
        null,
        null,
        1,
        64,
        null,
        null,
        1,
        199,
        199,
        null,
        null,
        1,
        64,
        null,
        null,
        1,
        64,
        null,
        null
      ],
      "/home/leef/workspace/samah/carriage_task/spec/controllers/comment_spec.rb": [
        1,
        null,
        1,
        1,
        22,
        22,
        22,
        null,
        null,
        1,
        1,
        1,
        1,
        1,
        1,
        null,
        null,
        1,
        1,
        1,
        1,
        1,
        null,
        null,
        null,
        1,
        1,
        20,
        20,
        20,
        20,
        20,
        20,
        20,
        20,
        20,
        20,
        20,
        null,
        null,
        1,
        1,
        1,
        1,
        1,
        null,
        null,
        1,
        1,
        1,
        1,
        1,
        null,
        null,
        1,
        1,
        1,
        1,
        1,
        null,
        null,
        1,
        1,
        1,
        1,
        1,
        null,
        null,
        1,
        1,
        1,
        1,
        1,
        1,
        null,
        null,
        1,
        1,
        1,
        1,
        1,
        1,
        null,
        null,
        1,
        1,
        1,
        1,
        1,
        null,
        null,
        1,
        1,
        1,
        1,
        1,
        1,
        1,
        null,
        null,
        1,
        1,
        1,
        1,
        1,
        1,
        1,
        null,
        null,
        1,
        1,
        1,
        1,
        1,
        1,
        1,
        null,
        null,
        1,
        1,
        1,
        1,
        1,
        1,
        null,
        null,
        1,
        1,
        1,
        1,
        1,
        1,
        null,
        null,
        1,
        1,
        1,
        1,
        1,
        1,
        null,
        null,
        1,
        1,
        1,
        1,
        1,
        1,
        null,
        null,
        1,
        1,
        1,
        1,
        1,
        null,
        null,
        1,
        1,
        1,
        1,
        1,
        1,
        1,
        null,
        null,
        1,
        1,
        1,
        1,
        1,
        1,
        1,
        null,
        null,
        1,
        1,
        1,
        1,
        1,
        1,
        1,
        null,
        null,
        null,
        1,
        1,
        1,
        1,
        1,
        1,
        1,
        null,
        null,
        1,
        1,
        1,
        1,
        1,
        1,
        1,
        null,
        null,
        null
      ],
      "/home/leef/workspace/samah/carriage_task/app/controllers/comments_controller.rb": [
        1,
        1,
        1,
        null,
        1,
        6,
        null,
        null,
        1,
        3,
        null,
        null,
        1,
        3,
        null,
        null,
        1,
        5,
        null,
        null,
        1,
        5,
        null,
        null,
        1,
        1,
        22,
        null,
        null
      ],
      "/home/leef/workspace/samah/carriage_task/spec/controllers/list_spec.rb": [
        1,
        null,
        1,
        null,
        1,
        21,
        21,
        null,
        null,
        1,
        1,
        1,
        1,
        1,
        1,
        null,
        null,
        1,
        1,
        1,
        1,
        1,
        null,
        null,
        1,
        1,
        19,
        19,
        19,
        null,
        1,
        1,
        1,
        1,
        1,
        1,
        null,
        null,
        1,
        1,
        1,
        1,
        1,
        1,
        null,
        null,
        1,
        1,
        1,
        1,
        1,
        null,
        null,
        1,
        1,
        1,
        1,
        1,
        null,
        null,
        1,
        1,
        1,
        1,
        1,
        null,
        null,
        1,
        1,
        1,
        1,
        1,
        1,
        1,
        null,
        null,
        1,
        1,
        1,
        1,
        1,
        1,
        1,
        null,
        null,
        1,
        1,
        1,
        1,
        null,
        null,
        1,
        1,
        1,
        1,
        1,
        1,
        null,
        null,
        1,
        1,
        1,
        1,
        1,
        null,
        null,
        1,
        1,
        1,
        1,
        1,
        1,
        1,
        1,
        null,
        null,
        1,
        1,
        1,
        1,
        null,
        null,
        1,
        1,
        1,
        1,
        1,
        1,
        1,
        null,
        null,
        1,
        1,
        1,
        1,
        1,
        1,
        1,
        null,
        null,
        1,
        1,
        1,
        1,
        1,
        1,
        1,
        null,
        null,
        1,
        1,
        1,
        1,
        null,
        null,
        1,
        1,
        1,
        1,
        1,
        1,
        1,
        null,
        null,
        1,
        1,
        1,
        1,
        1,
        1,
        1,
        null,
        null,
        1,
        1,
        1,
        1,
        null,
        null,
        null
      ],
      "/home/leef/workspace/samah/carriage_task/app/controllers/lists_controller.rb": [
        1,
        null,
        1,
        1,
        null,
        1,
        4,
        null,
        null,
        1,
        3,
        null,
        null,
        1,
        2,
        null,
        null,
        1,
        3,
        null,
        null,
        1,
        3,
        null,
        null,
        1,
        2,
        null,
        null,
        1,
        1,
        13,
        null,
        null,
        null
      ],
      "/home/leef/workspace/samah/carriage_task/spec/controllers/user_spec.rb": [
        1,
        null,
        1,
        1,
        1,
        1,
        1,
        null,
        1,
        1,
        1,
        1,
        1,
        null,
        1,
        1,
        1,
        1,
        1,
        1,
        null,
        null,
        1,
        1,
        1,
        1,
        1,
        1,
        1,
        1,
        null,
        null,
        1,
        1,
        1,
        1,
        1,
        1,
        1,
        null,
        null,
        1,
        1,
        1,
        1,
        1,
        null,
        null,
        1,
        1,
        1,
        1,
        1,
        null,
        null
      ],
      "/home/leef/workspace/samah/carriage_task/app/controllers/users_controller.rb": [
        1,
        1,
        null,
        1,
        2,
        null,
        null,
        1,
        3,
        null,
        null,
        1,
        2,
        null,
        null,
        1,
        1,
        5,
        null,
        null,
        null
      ],
      "/home/leef/workspace/samah/carriage_task/app/models/user.rb": [
        1,
        1,
        1,
        1,
        1,
        1,
        null,
        1,
        1,
        null,
        1,
        1,
        null,
        1,
        179,
        null,
        null,
        1,
        42,
        null,
        null
      ],
      "/home/leef/workspace/samah/carriage_task/app/models/application_record.rb": [
        1,
        1,
        null
      ],
      "/home/leef/workspace/samah/carriage_task/app/models/rule.rb": [
        1,
        null,
        null
      ],
      "/home/leef/workspace/samah/carriage_task/app/services/get_all_cards.rb": [
        1,
        1,
        null,
        null,
        10,
        null,
        4,
        null,
        null,
        1,
        1,
        4,
        4,
        null,
        null
      ],
      "/home/leef/workspace/samah/carriage_task/app/models/card.rb": [
        1,
        1,
        1,
        null,
        1,
        1,
        null
      ],
      "/home/leef/workspace/samah/carriage_task/app/models/concerns/creation_relation.rb": [
        1,
        1,
        1,
        4,
        4,
        null,
        null,
        1,
        584,
        null,
        null
      ],
      "/home/leef/workspace/samah/carriage_task/app/models/concerns/commentable_model.rb": [
        1,
        1,
        null,
        1,
        1,
        null,
        null
      ],
      "/home/leef/workspace/samah/carriage_task/app/models/comment.rb": [
        1,
        1,
        null,
        1,
        1,
        1,
        null,
        null
      ],
      "/home/leef/workspace/samah/carriage_task/app/models/list.rb": [
        1,
        1,
        null,
        1,
        1,
        1,
        1,
        14,
        null
      ],
      "/home/leef/workspace/samah/carriage_task/app/models/lists_member.rb": [
        1,
        1,
        null,
        1,
        1,
        null
      ],
      "/home/leef/workspace/samah/carriage_task/app/serializers/card_serializer.rb": [
        1,
        1,
        1,
        1,
        1,
        1,
        null,
        null,
        null
      ],
      "/home/leef/workspace/samah/carriage_task/app/serializers/application_serializer.rb": [
        1,
        103,
        103,
        103,
        null
      ],
      "/home/leef/workspace/samah/carriage_task/app/serializers/creator_serializer.rb": [
        1,
        1,
        1,
        57,
        null,
        null
      ],
      "/home/leef/workspace/samah/carriage_task/app/serializers/user_serializer.rb": [
        1,
        1,
        1,
        1,
        null
      ],
      "/home/leef/workspace/samah/carriage_task/app/serializers/comment_serializer.rb": [
        1,
        1,
        1,
        1,
        1,
        null
      ],
      "/home/leef/workspace/samah/carriage_task/app/services/get_card_by_id.rb": [
        1,
        null,
        1,
        3,
        null,
        null,
        1,
        3,
        null,
        null,
        1,
        null,
        1,
        3,
        3,
        null,
        null
      ],
      "/home/leef/workspace/samah/carriage_task/app/serializers/show_card_serializer.rb": [
        1,
        1,
        6,
        null,
        null
      ],
      "/home/leef/workspace/samah/carriage_task/app/services/create_card.rb": [
        1,
        null,
        1,
        3,
        3,
        3,
        null,
        null,
        1,
        3,
        2,
        2,
        null,
        null,
        1,
        null,
        1,
        2,
        null,
        null,
        1,
        3,
        null,
        null,
        null
      ],
      "/home/leef/workspace/samah/carriage_task/app/services/update_card.rb": [
        1,
        null,
        1,
        6,
        6,
        6,
        6,
        null,
        null,
        1,
        6,
        6,
        4,
        4,
        null,
        null,
        1,
        null,
        1,
        6,
        null,
        null,
        null
      ],
      "/home/leef/workspace/samah/carriage_task/app/services/delete.rb": [
        1,
        null,
        1,
        13,
        13,
        null,
        null,
        1,
        13,
        12,
        7,
        null,
        null,
        1,
        null,
        1,
        12,
        null,
        2,
        null,
        5,
        null,
        5,
        null,
        null,
        null,
        null
      ],
      "/home/leef/workspace/samah/carriage_task/app/services/get_all_comments.rb": [
        1,
        null,
        1,
        6,
        6,
        6,
        6,
        null,
        null,
        1,
        6,
        6,
        6,
        6,
        null,
        null,
        null,
        6,
        null,
        6,
        null,
        null
      ],
      "/home/leef/workspace/samah/carriage_task/app/services/get_comment_by_id.rb": [
        1,
        null,
        1,
        3,
        null,
        null,
        1,
        3,
        3,
        2,
        null,
        4,
        2,
        null,
        null
      ],
      "/home/leef/workspace/samah/carriage_task/app/services/create_comment.rb": [
        1,
        null,
        1,
        3,
        3,
        3,
        3,
        null,
        null,
        1,
        3,
        2,
        2,
        null,
        null,
        1,
        null,
        1,
        3,
        3,
        null,
        null
      ],
      "/home/leef/workspace/samah/carriage_task/app/services/update_comment.rb": [
        1,
        null,
        1,
        5,
        5,
        5,
        5,
        5,
        null,
        null,
        1,
        5,
        5,
        3,
        3,
        null,
        null,
        1,
        null,
        1,
        5,
        null,
        null
      ],
      "/home/leef/workspace/samah/carriage_task/app/services/get_all_lists.rb": [
        1,
        1,
        4,
        null,
        null,
        3,
        null,
        4,
        null,
        null
      ],
      "/home/leef/workspace/samah/carriage_task/app/serializers/list_serializer.rb": [
        1,
        1,
        1,
        1,
        1,
        null
      ],
      "/home/leef/workspace/samah/carriage_task/app/services/get_list_by_id.rb": [
        1,
        null,
        1,
        3,
        null,
        null,
        1,
        3,
        3,
        2,
        null,
        null
      ],
      "/home/leef/workspace/samah/carriage_task/app/services/create_list.rb": [
        1,
        null,
        1,
        2,
        null,
        null,
        1,
        2,
        2,
        null,
        null,
        null
      ],
      "/home/leef/workspace/samah/carriage_task/app/services/update_list.rb": [
        1,
        null,
        1,
        3,
        3,
        null,
        null,
        1,
        3,
        2,
        2,
        null,
        null,
        null
      ],
      "/home/leef/workspace/samah/carriage_task/app/services/update_list_members.rb": [
        1,
        null,
        1,
        2,
        2,
        null,
        null,
        1,
        2,
        1,
        1,
        null,
        null,
        null
      ],
      "/home/leef/workspace/samah/carriage_task/app/services/get_all_users.rb": [
        1,
        1,
        null,
        null,
        1,
        null,
        2,
        null,
        null
      ],
      "/home/leef/workspace/samah/carriage_task/app/services/create_user.rb": [
        1,
        null,
        1,
        3,
        3,
        3,
        3,
        null,
        null,
        1,
        3,
        3,
        null,
        null,
        null
      ],
      "/home/leef/workspace/samah/carriage_task/app/services/login.rb": [
        1,
        null,
        1,
        2,
        2,
        null,
        null,
        1,
        2,
        2,
        null,
        null
      ],
      "/home/leef/workspace/samah/carriage_task/app/serializers/user_with_token_serializer.rb": [
        1,
        1,
        null
      ]
    },
    "timestamp": 1551565365
  }
}
